<?xml version="1.0" encoding="UTF-8"?>
<!-- Generated by org.testng.reporters.JUnitReportReporter -->
<testsuite hostname="MSI" failures="0" tests="3" name="crossbrowser.CrossBrowserTesting" time="18.963" errors="0" timestamp="2022-06-30T15:37:53 IST" skipped="0">
  <testcase classname="crossbrowser.CrossBrowserTesting" name="openBrowserMultiple" time="6.016"/>
  <system-out/>
  <testcase classname="crossbrowser.CrossBrowserTesting" name="openBrowserMultiple" time="8.709"/>
  <system-out/>
  <testcase classname="crossbrowser.CrossBrowserTesting" name="openBrowserMultiple" time="4.238"/>
  <system-out/>
</testsuite> <!-- crossbrowser.CrossBrowserTesting -->
