<?xml version="1.0" encoding="UTF-8"?>
<!-- Generated by org.testng.reporters.JUnitReportReporter -->
<testsuite hostname="MSI" failures="0" tests="3" name="testngstudy.TestSuite1" time="0.004" errors="0" timestamp="2022-06-25T14:33:55 IST" skipped="0">
  <testcase classname="testngstudy.TestSuite1" name="b" time="0.001"/>
  <system-out>
    <![CDATA[B is Running]]>
  </system-out>
  <testcase classname="testngstudy.TestSuite1" name="c" time="0.002"/>
  <system-out>
    <![CDATA[C is Running]]>
  </system-out>
  <testcase classname="testngstudy.TestSuite1" name="a" time="0.001"/>
  <system-out>
    <![CDATA[A is Running]]>
  </system-out>
</testsuite> <!-- testngstudy.TestSuite1 -->
