<?xml version="1.0" encoding="UTF-8"?>
<!-- Generated by org.testng.reporters.JUnitReportReporter -->
<testsuite hostname="MSI" failures="0" tests="1" name="testngpom.ValidateUserID" time="2.697" errors="0" timestamp="2022-07-12T23:30:18 IST" skipped="0">
  <testcase classname="testngpom.ValidateUserID" name="validateUserID" time="2.697"/>
  <system-out>
    <![CDATA[UserID Match TC Pass]]>
  </system-out>
</testsuite> <!-- testngpom.ValidateUserID -->
