<?xml version="1.0" encoding="UTF-8"?>
<!-- Generated by org.testng.reporters.JUnitReportReporter -->
<testsuite hostname="MSI" failures="0" tests="1" name="testngstudy.Serialiazation2" time="5.585" errors="0" timestamp="2022-06-30T10:07:31 IST" skipped="0">
  <testcase classname="testngstudy.Serialiazation2" name="open2" time="5.585"/>
  <system-out/>
</testsuite> <!-- testngstudy.Serialiazation2 -->
