<?xml version="1.0" encoding="UTF-8"?>
<!-- Generated by org.testng.reporters.JUnitReportReporter -->
<testsuite hostname="MSI" failures="0" tests="2" name="testngpackage.TestClass" time="6.030" errors="0" timestamp="2022-07-01T22:42:53 IST" skipped="0">
  <testcase classname="testngpackage.TestClass" name="validateusername" time="3.246"/>
  <system-out>
    <![CDATA[UserID is Match TC Pass]]>
  </system-out>
  <testcase classname="testngpackage.TestClass" name="validateusername" time="2.784"/>
  <system-out>
    <![CDATA[UserID is Match TC Pass]]>
  </system-out>
</testsuite> <!-- testngpackage.TestClass -->
