<?xml version="1.0" encoding="UTF-8"?>
<!-- Generated by org.testng.reporters.JUnitReportReporter -->
<testsuite hostname="MSI" failures="0" tests="1" name="testngstudy.ZeroDaAnnotations" time="3.121" errors="0" timestamp="2022-07-04T10:11:20 IST" skipped="0">
  <testcase classname="testngstudy.ZeroDaAnnotations" name="validateUser" time="3.121"/>
  <system-out>
    <![CDATA[User ID Match TC is Pass]]>
  </system-out>
</testsuite> <!-- testngstudy.ZeroDaAnnotations -->
