<?xml version="1.0" encoding="UTF-8"?>
<!-- Generated by org.testng.reporters.JUnitReportReporter -->
<testsuite hostname="MSI" failures="0" tests="1" name="testngstudy.Program1st" time="8.602" errors="0" timestamp="2022-06-25T13:36:37 IST" skipped="0">
  <testcase classname="testngstudy.Program1st" name="startBrowser" time="8.602"/>
  <system-out>
    <![CDATA[hi this is reporter output
hi this is reporter output true]]>
  </system-out>
</testsuite> <!-- testngstudy.Program1st -->
