<?xml version="1.0" encoding="UTF-8"?>
<!-- Generated by org.testng.reporters.JUnitReportReporter -->
<testsuite hostname="MSI" failures="0" tests="3" name="testngstudy.TestSuite2" time="0.013" errors="0" timestamp="2022-06-25T14:33:55 IST" skipped="0">
  <testcase classname="testngstudy.TestSuite2" name="z" time="0.001"/>
  <system-out>
    <![CDATA[C is Running]]>
  </system-out>
  <testcase classname="testngstudy.TestSuite2" name="x" time="0.011"/>
  <system-out>
    <![CDATA[A is Running]]>
  </system-out>
  <testcase classname="testngstudy.TestSuite2" name="y" time="0.001"/>
  <system-out>
    <![CDATA[B is Running]]>
  </system-out>
</testsuite> <!-- testngstudy.TestSuite2 -->
