<?xml version="1.0" encoding="UTF-8"?>
<!-- Generated by org.testng.reporters.JUnitReportReporter -->
<testsuite hostname="MSI" failures="0" tests="1" name="testngstudy.Serialiazation1" time="3.807" errors="0" timestamp="2022-06-30T10:07:31 IST" skipped="0">
  <testcase classname="testngstudy.Serialiazation1" name="open" time="3.807"/>
  <system-out/>
</testsuite> <!-- testngstudy.Serialiazation1 -->
