<?xml version="1.0" encoding="UTF-8"?>
<!-- Generated by org.testng.reporters.JUnitReportReporter -->
<testsuite hostname="MSI" failures="0" tests="1" name="testngstudy.Assertions" time="8.268" errors="0" timestamp="2022-06-28T13:08:47 IST" skipped="0">
  <testcase classname="testngstudy.Assertions" name="equalsUse" time="8.268"/>
  <system-out>
    <![CDATA[Text is equal TC is Pass
Text is not equal TC is Pass
Female Button is selected Tc is Pass
Male Button is not selected TC pass
FirstName Field is Null TC is Pass
Surname Field is Not Null TC is Pass]]>
  </system-out>
</testsuite> <!-- testngstudy.Assertions -->
